{"level":"info","message":"Application starting...","timestamp":"2023-08-24T12:23:13.539Z"}
{"level":"info","message":"Application starting...","timestamp":"2023-08-24T12:24:53.452Z"}
{"level":"info","message":"Application starting...","timestamp":"2023-08-24T12:26:52.843Z"}
{"level":"info","message":"Application starting...","timestamp":"2023-08-24T12:27:51.277Z"}
{"level":"info","message":"Application starting...","timestamp":"2023-08-24T12:37:57.911Z"}
{"level":"info","message":"Application starting...","timestamp":"2023-08-24T12:37:59.655Z"}
{"level":"info","message":"Application starting...","timestamp":"2023-08-24T12:38:01.641Z"}
{"level":"info","message":"Application starting...","timestamp":"2023-08-24T12:38:04.177Z"}
{"level":"info","message":"Application starting...","timestamp":"2023-08-24T12:38:09.424Z"}
{"level":"info","message":"Application starting...","timestamp":"2023-08-24T12:38:15.441Z"}
{"level":"info","message":"Application starting...","timestamp":"2023-08-24T12:40:56.437Z"}
{"level":"info","message":"Application starting...","timestamp":"2023-08-24T12:41:00.382Z"}
{"level":"info","message":"Application starting...","timestamp":"2023-08-24T12:41:02.142Z"}
{"level":"info","message":"Application starting...","timestamp":"2023-08-24T12:41:03.355Z"}
{"level":"info","message":"Application starting...","timestamp":"2023-08-24T12:41:05.939Z"}
{"level":"info","message":"Application starting...","timestamp":"2023-08-24T12:41:08.510Z"}
{"level":"info","message":"Application starting...","timestamp":"2023-08-24T12:41:10.698Z"}
{"level":"info","message":"Application starting...","timestamp":"2023-08-24T12:41:12.861Z"}
{"level":"info","message":"Application starting...","timestamp":"2023-08-24T12:41:56.078Z"}
{"level":"info","message":"Application starting...","timestamp":"2023-08-24T12:42:55.811Z"}
{"level":"info","message":"Application starting...","timestamp":"2023-08-24T12:42:59.347Z"}
{"level":"info","message":"Application starting...","timestamp":"2023-08-24T12:45:27.224Z"}
{"level":"info","message":"Application starting...","timestamp":"2023-08-24T12:45:30.107Z"}
{"level":"info","message":"Application starting...","timestamp":"2023-08-24T12:48:16.056Z"}
{"level":"info","message":"Application starting...","timestamp":"2023-08-24T12:48:26.553Z"}
{"level":"info","message":"Application starting...","timestamp":"2023-08-24T12:48:28.090Z"}
{"level":"info","message":"Application starting...","timestamp":"2023-08-24T12:48:29.364Z"}
{"level":"info","message":"Application starting...","timestamp":"2023-08-24T12:48:30.102Z"}
{"level":"info","message":"Application starting...","timestamp":"2023-08-24T12:48:31.714Z"}
{"level":"info","message":"Application starting...","timestamp":"2023-08-24T12:48:47.445Z"}
{"level":"info","message":"Application starting...","timestamp":"2023-08-24T12:48:48.776Z"}
{"level":"info","message":"Application starting...","timestamp":"2023-08-24T12:48:51.047Z"}
{"level":"info","message":"Application starting...","timestamp":"2023-08-24T12:48:56.609Z"}
{"level":"error","timestamp":"2023-08-24T12:49:01.886Z"}
{"level":"error","timestamp":"2023-08-24T12:49:36.281Z"}
{"_original":"{email:\" \",name:\"\",password:\" \"}","details":[{"context":{"label":"value","type":"object","value":"{email:\" \",name:\"\",password:\" \"}"},"message":"\"value\" must be of type object","path":[],"type":"object.base"}],"level":"error","statusCode":400,"timestamp":"2023-08-24T12:50:01.020Z"}
{"level":"info","message":"Application starting...","timestamp":"2023-08-24T12:50:51.942Z"}
{"_original":"{email:\" \",name:\"\",password:\" \"}","details":[{"context":{"label":"value","type":"object","value":"{email:\" \",name:\"\",password:\" \"}"},"message":"\"value\" must be of type object","path":[],"type":"object.base"}],"level":"error","statusCode":400,"timestamp":"2023-08-24T12:50:56.943Z"}
{"level":"info","message":"Application starting...","timestamp":"2023-08-24T12:52:25.930Z"}
{"level":"info","message":"Application starting...","timestamp":"2023-08-24T12:52:27.102Z"}
{"level":"info","message":"Application starting...","timestamp":"2023-08-24T12:53:01.020Z"}
{"level":"info","message":"Application starting...","timestamp":"2023-08-24T12:53:57.052Z"}
{"level":"info","message":"Application starting...","timestamp":"2023-08-24T12:54:03.674Z"}
{"level":"info","message":"Application starting...","timestamp":"2023-08-24T12:54:11.535Z"}
{"level":"info","message":"Application starting...","timestamp":"2023-08-24T12:54:44.762Z"}
{"level":"info","message":"Application starting...","timestamp":"2023-08-24T12:55:22.900Z"}
{"level":"info","message":"Application starting...","timestamp":"2023-08-24T12:55:23.865Z"}
{"level":"info","message":"Application starting...","timestamp":"2023-08-24T12:55:26.572Z"}
{"level":"info","message":"Application starting...","timestamp":"2023-08-24T12:55:27.890Z"}
{"level":"info","message":"Application starting...","timestamp":"2023-08-24T12:55:34.557Z"}
{"level":"info","message":"Application starting...","timestamp":"2023-08-24T12:55:37.963Z"}
{"level":"info","message":"Application starting...","timestamp":"2023-08-24T12:55:38.603Z"}
{"level":"info","message":"Application starting...","timestamp":"2023-08-24T12:55:40.691Z"}
{"level":"info","message":"Application starting...","timestamp":"2023-08-24T12:55:43.324Z"}
{"level":"info","message":"Application starting...","timestamp":"2023-08-24T12:55:46.395Z"}
{"level":"info","message":"Application starting...","timestamp":"2023-08-24T12:56:38.269Z"}
{"level":"info","message":"Application starting...","timestamp":"2023-08-24T12:56:40.248Z"}
{"level":"info","message":"Application starting...","timestamp":"2023-08-24T12:56:42.379Z"}
{"level":"info","message":"Application starting...","timestamp":"2023-08-24T12:56:43.691Z"}
{"level":"info","message":"Application starting...","timestamp":"2023-08-24T12:56:59.798Z"}
{"level":"info","message":"Application starting...","timestamp":"2023-08-24T12:57:02.898Z"}
{"level":"info","message":"Application starting...","timestamp":"2023-08-24T12:57:03.617Z"}
{"level":"info","message":"Application starting...","timestamp":"2023-08-24T12:57:08.822Z"}
{"level":"info","message":"Application starting...","timestamp":"2023-08-24T12:57:39.326Z"}
{"level":"info","message":"Application starting...","timestamp":"2023-08-24T12:57:43.503Z"}
{"level":"info","message":"Application starting...","timestamp":"2023-08-24T12:57:51.036Z"}
{"level":"info","message":"Application starting...","timestamp":"2023-08-24T12:57:56.207Z"}
{"level":"info","message":"Application starting...","timestamp":"2023-08-24T12:58:04.616Z"}
{"level":"info","message":"Application starting...","timestamp":"2023-08-24T12:58:11.194Z"}
{"level":"info","message":"Application starting...","timestamp":"2023-08-24T12:58:17.587Z"}
{"level":"info","message":"Application starting...","timestamp":"2023-08-24T12:59:01.091Z"}
{"level":"info","message":"Application starting...","timestamp":"2023-08-24T12:59:02.316Z"}
{"level":"info","message":"Application starting...","timestamp":"2023-08-24T12:59:03.089Z"}
{"level":"info","message":"Application starting...","timestamp":"2023-08-24T12:59:04.955Z"}
{"level":"info","message":"Application starting...","timestamp":"2023-08-24T12:59:06.529Z"}
{"level":"info","message":"Application starting...","timestamp":"2023-08-24T12:59:11.574Z"}
{"level":"info","message":"Application starting...","timestamp":"2023-08-24T12:59:15.105Z"}
{"level":"info","message":"Application starting...","timestamp":"2023-08-24T12:59:37.054Z"}
{"level":"info","message":"Application starting...","timestamp":"2023-08-24T13:00:16.087Z"}
{"level":"info","message":"Application starting...","timestamp":"2023-08-24T13:00:19.330Z"}
{"level":"info","message":"Application starting...","timestamp":"2023-08-24T13:00:21.954Z"}
{"level":"info","message":"Application starting...","timestamp":"2023-08-24T13:00:22.747Z"}
{"level":"info","message":"Application starting...","timestamp":"2023-08-24T13:00:27.153Z"}
{"level":"info","message":"Application starting...","timestamp":"2023-08-24T13:00:43.716Z"}
{"level":"info","message":"Application starting...","timestamp":"2023-08-24T13:00:45.337Z"}
{"level":"info","message":"Application starting...","timestamp":"2023-08-24T13:00:47.164Z"}
{"level":"info","message":"Application starting...","timestamp":"2023-08-24T13:01:13.131Z"}
{"level":"info","message":"Application starting...","timestamp":"2023-08-24T13:01:17.926Z"}
{"level":"info","message":"Application starting...","timestamp":"2023-08-24T13:01:26.698Z"}
{"level":"info","message":"Application starting...","timestamp":"2023-08-24T13:01:27.332Z"}
{"level":"info","message":"Application starting...","timestamp":"2023-08-24T13:01:29.033Z"}
{"level":"info","message":"Application starting...","timestamp":"2023-08-24T13:01:30.826Z"}
{"level":"info","message":"Application starting...","timestamp":"2023-08-24T13:01:33.187Z"}
{"level":"info","message":"Application starting...","timestamp":"2023-08-24T13:01:37.118Z"}
{"level":"info","message":"Application starting...","timestamp":"2023-08-24T13:01:55.791Z"}
{"level":"error","message":"Token Not Found","statusCode":400,"timestamp":"2023-08-24T13:03:00.648Z"}
{"level":"info","message":"Application starting...","timestamp":"2023-08-24T13:04:07.770Z"}
{"level":"info","message":"Application starting...","timestamp":"2023-08-24T13:05:27.798Z"}
{"level":"info","message":"Application starting...","timestamp":"2023-08-24T13:05:30.148Z"}
{"level":"info","message":"Application starting...","timestamp":"2023-08-24T13:05:32.151Z"}
{"level":"info","message":"Application starting...","timestamp":"2023-08-24T13:05:33.919Z"}
{"level":"info","message":"Application starting...","timestamp":"2023-08-24T13:06:22.380Z"}
{"level":"info","message":"Application starting...","timestamp":"2023-08-24T13:14:52.580Z"}
{"level":"info","message":"Application starting...","timestamp":"2023-08-24T13:14:54.263Z"}
{"level":"info","message":"Application starting...","timestamp":"2023-08-24T13:15:03.634Z"}
{"level":"info","message":"Application starting...","timestamp":"2023-08-24T13:15:17.482Z"}
{"level":"info","message":"Application starting...","timestamp":"2023-08-24T13:15:23.719Z"}
{"level":"info","message":"Application starting...","timestamp":"2023-08-24T13:15:28.271Z"}
{"level":"info","message":"Application starting...","timestamp":"2023-08-24T13:17:37.696Z"}
{"level":"info","message":"Application starting...","timestamp":"2023-08-24T13:17:42.012Z"}
{"level":"info","message":"Application starting...","timestamp":"2023-08-24T13:17:46.703Z"}
{"level":"info","message":"Application starting...","timestamp":"2023-08-24T13:17:58.758Z"}
{"level":"info","message":"Application starting...","timestamp":"2023-08-24T13:18:01.127Z"}
{"level":"info","message":"Application starting...","timestamp":"2023-08-24T13:18:07.145Z"}
{"level":"info","message":"Application starting...","timestamp":"2023-08-24T13:18:24.899Z"}
{"level":"info","message":"Application starting...","timestamp":"2023-08-24T13:18:30.739Z"}
{"level":"info","message":"Application starting...","timestamp":"2023-08-24T13:18:33.792Z"}
{"level":"info","message":"Application starting...","timestamp":"2023-08-24T13:18:41.339Z"}
{"level":"info","message":"Application starting...","timestamp":"2023-08-24T13:19:09.745Z"}
{"level":"info","message":"Application starting...","timestamp":"2023-08-24T13:19:12.346Z"}
{"level":"info","message":"Application starting...","timestamp":"2023-08-24T13:19:13.925Z"}
{"level":"info","message":"Application starting...","timestamp":"2023-08-24T13:19:47.793Z"}
{"level":"info","message":"Application starting...","timestamp":"2023-08-24T13:19:56.343Z"}
{"level":"info","message":"Application starting...","timestamp":"2023-08-24T13:20:01.684Z"}
{"level":"info","message":"Application starting...","timestamp":"2023-08-24T13:20:55.506Z"}
{"level":"info","message":"Application starting...","timestamp":"2023-08-24T13:21:03.566Z"}
{"level":"info","message":"Application starting...","timestamp":"2023-08-24T13:21:08.417Z"}
{"level":"info","message":"Application starting...","timestamp":"2023-08-24T13:21:16.108Z"}
{"level":"info","message":"Application starting...","timestamp":"2023-08-24T13:21:18.056Z"}
{"level":"info","message":"Application starting...","timestamp":"2023-08-24T13:21:19.568Z"}
{"level":"info","message":"Application starting...","timestamp":"2023-08-24T13:21:54.858Z"}
{"_original":"{email:\" \",name:\"\",password:\" \"}","details":[{"context":{"label":"value","type":"object","value":"{email:\" \",name:\"\",password:\" \"}"},"message":"\"value\" must be of type object","path":[],"type":"object.base"}],"level":"error","statusCode":400,"timestamp":"2023-08-24T13:22:15.694Z"}
{"_original":{"name":"kiran"},"details":[{"context":{"key":"email","label":"email"},"message":"\"email\" is required","path":["email"],"type":"any.required"}],"level":"error","statusCode":400,"timestamp":"2023-08-24T13:25:56.633Z"}
{"level":"info","message":"Application starting...","timestamp":"2023-08-24T13:26:57.135Z"}
{"level":"info","message":"Application starting...","timestamp":"2023-08-24T13:27:14.087Z"}
{"level":"info","message":"Application starting...","timestamp":"2023-08-24T13:27:19.892Z"}
{"level":"info","message":"Application starting...","timestamp":"2023-08-24T13:27:21.537Z"}
{"level":"info","message":"Application starting...","timestamp":"2023-08-24T13:27:37.015Z"}
{"level":"info","message":"Application starting...","timestamp":"2023-08-24T13:27:38.232Z"}
{"level":"info","message":"Application starting...","timestamp":"2023-08-24T13:27:45.014Z"}
{"level":"info","message":"Application starting...","timestamp":"2023-08-24T13:27:46.415Z"}
{"level":"info","message":"Application starting...","timestamp":"2023-08-24T13:27:47.413Z"}
{"level":"info","message":"Application starting...","timestamp":"2023-08-24T13:28:25.269Z"}
{"level":"info","message":"Application starting...","timestamp":"2023-08-24T13:28:34.085Z"}
{"level":"info","message":"Application starting...","timestamp":"2023-08-24T13:28:41.701Z"}
{"level":"info","message":"Application starting...","timestamp":"2023-08-24T13:28:52.262Z"}
{"level":"info","message":"Application starting...","timestamp":"2023-08-24T13:28:53.383Z"}
{"level":"info","message":"Application starting...","timestamp":"2023-08-24T13:28:55.895Z"}
{"level":"info","message":"Application starting...","timestamp":"2023-08-24T13:29:17.198Z"}
{"level":"info","message":"Application starting...","timestamp":"2023-08-24T13:29:22.485Z"}
{"level":"info","message":"Application starting...","timestamp":"2023-08-24T13:29:31.034Z"}
{"level":"info","message":"Application starting...","timestamp":"2023-08-24T13:29:32.367Z"}
{"level":"info","message":"Application starting...","timestamp":"2023-08-24T13:29:38.777Z"}
{"level":"info","message":"Application starting...","timestamp":"2023-08-24T13:29:42.025Z"}
{"level":"info","message":"Application starting...","timestamp":"2023-08-24T13:29:43.086Z"}
{"level":"info","message":"Application starting...","timestamp":"2023-08-24T13:29:48.286Z"}
{"level":"info","message":"Application starting...","timestamp":"2023-08-24T13:29:52.717Z"}
{"level":"info","message":"Application starting...","timestamp":"2023-08-24T13:30:31.410Z"}
{"level":"info","message":"Application starting...","timestamp":"2023-08-24T13:30:34.027Z"}
{"level":"info","message":"Application starting...","timestamp":"2023-08-24T13:30:38.245Z"}
{"level":"info","message":"Application starting...","timestamp":"2023-08-24T13:30:39.233Z"}
{"level":"info","message":"Application starting...","timestamp":"2023-08-24T13:30:45.216Z"}
{"level":"info","message":"Application starting...","timestamp":"2023-08-24T13:30:48.627Z"}
{"level":"info","message":"Application starting...","timestamp":"2023-08-24T13:30:49.426Z"}
{"level":"info","message":"Application starting...","timestamp":"2023-08-24T13:30:50.561Z"}
{"level":"info","message":"Application starting...","timestamp":"2023-08-24T13:31:01.141Z"}
{"level":"info","message":"Application starting...","timestamp":"2023-08-24T13:31:02.349Z"}
{"level":"info","message":"Application starting...","timestamp":"2023-08-24T13:31:06.535Z"}
{"level":"info","message":"Application starting...","timestamp":"2023-08-24T13:31:12.867Z"}
{"level":"info","message":"Application starting...","timestamp":"2023-08-24T13:31:14.529Z"}
{"level":"info","message":"Application starting...","timestamp":"2023-08-24T13:31:15.398Z"}
{"level":"info","message":"Application starting...","timestamp":"2023-08-24T13:31:18.768Z"}
{"level":"info","message":"Application starting...","timestamp":"2023-08-24T13:32:18.169Z"}
{"level":"info","message":"Application starting...","timestamp":"2023-08-24T13:32:20.415Z"}
{"level":"info","message":"Application starting...","timestamp":"2023-08-24T13:32:36.241Z"}
{"level":"info","message":"Application starting...","timestamp":"2023-08-24T13:32:37.348Z"}
{"level":"info","message":"Application starting...","timestamp":"2023-08-24T13:32:43.479Z"}
{"level":"info","message":"Application starting...","timestamp":"2023-08-24T13:32:45.218Z"}
{"level":"info","message":"Application starting...","timestamp":"2023-08-24T13:32:54.057Z"}
{"level":"info","message":"Application starting...","timestamp":"2023-08-24T13:32:55.727Z"}
{"level":"info","message":"Application starting...","timestamp":"2023-08-24T13:33:24.422Z"}
{"level":"info","message":"Application starting...","timestamp":"2023-08-24T13:33:25.683Z"}
{"level":"info","message":"Application starting...","timestamp":"2023-08-24T13:33:36.267Z"}
{"level":"info","message":"Application starting...","timestamp":"2023-08-24T13:33:41.516Z"}
{"level":"info","message":"Application starting...","timestamp":"2023-08-24T13:33:43.500Z"}
{"level":"info","message":"Application starting...","timestamp":"2023-08-24T13:44:38.632Z"}
{"level":"info","message":"Application starting...","timestamp":"2023-08-24T13:45:02.716Z"}
{"level":"info","message":"Application starting...","timestamp":"2023-08-24T13:45:06.531Z"}
{"level":"info","message":"Application starting...","timestamp":"2023-08-24T13:45:07.570Z"}
{"level":"info","message":"Application starting...","timestamp":"2023-08-24T13:45:15.019Z"}
{"level":"info","message":"Application starting...","timestamp":"2023-08-24T13:45:17.011Z"}
{"level":"info","message":"Application starting...","timestamp":"2023-08-24T13:45:21.213Z"}
{"level":"info","message":"Application starting...","timestamp":"2023-08-24T13:45:38.271Z"}
{"level":"info","message":"Application starting...","timestamp":"2023-08-24T13:45:58.568Z"}
{"level":"info","message":"Application starting...","timestamp":"2023-08-24T13:46:33.917Z"}
{"level":"info","message":"Application starting...","timestamp":"2023-08-24T13:46:55.696Z"}
{"level":"info","message":"Application starting...","timestamp":"2023-08-24T13:46:56.787Z"}
{"level":"info","message":"Application starting...","timestamp":"2023-08-24T13:47:19.001Z"}
{"level":"info","message":"Application starting...","timestamp":"2023-08-24T13:47:20.250Z"}
{"level":"info","message":"Application starting...","timestamp":"2023-08-24T13:47:22.693Z"}
{"level":"info","message":"Application starting...","timestamp":"2023-08-24T13:47:52.960Z"}
{"level":"info","message":"Application starting...","timestamp":"2023-08-24T13:47:54.162Z"}
{"level":"info","message":"Application starting...","timestamp":"2023-08-24T13:47:58.560Z"}
{"level":"info","message":"Application starting...","timestamp":"2023-08-24T13:48:00.093Z"}
{"level":"info","message":"Application starting...","timestamp":"2023-08-24T13:48:04.324Z"}
{"level":"info","message":"Application starting...","timestamp":"2023-08-24T13:48:05.073Z"}
{"level":"info","message":"Application starting...","timestamp":"2023-08-24T13:48:11.688Z"}
{"level":"info","message":"Application starting...","timestamp":"2023-08-24T13:48:13.809Z"}
{"level":"info","message":"Application starting...","timestamp":"2023-08-24T13:48:18.393Z"}
{"level":"info","message":"Application starting...","timestamp":"2023-08-24T13:48:19.996Z"}
{"level":"info","message":"Application starting...","timestamp":"2023-08-24T13:48:23.880Z"}
{"level":"info","message":"Application starting...","timestamp":"2023-08-24T13:48:53.077Z"}
{"level":"info","message":"Application starting...","timestamp":"2023-08-24T13:49:00.121Z"}
{"level":"info","message":"Application starting...","timestamp":"2023-08-24T13:49:02.203Z"}
{"level":"info","message":"Application starting...","timestamp":"2023-08-24T13:49:03.073Z"}
{"level":"info","message":"Application starting...","timestamp":"2023-08-24T13:49:07.293Z"}
{"level":"info","message":"Application starting...","timestamp":"2023-08-24T13:49:09.557Z"}
{"level":"info","message":"Application starting...","timestamp":"2023-08-24T13:49:10.311Z"}
{"level":"info","message":"Application starting...","timestamp":"2023-08-24T13:49:15.597Z"}
{"level":"info","message":"Application starting...","timestamp":"2023-08-24T13:50:30.500Z"}
{"level":"info","message":"Application starting...","timestamp":"2023-08-24T13:50:32.994Z"}
{"level":"info","message":"Application starting...","timestamp":"2023-08-24T13:50:35.354Z"}
{"level":"info","message":"Application starting...","timestamp":"2023-08-24T13:50:47.036Z"}
{"level":"info","message":"Application starting...","timestamp":"2023-08-24T13:50:48.595Z"}
{"level":"info","message":"Application starting...","timestamp":"2023-08-24T13:50:52.756Z"}
{"level":"info","message":"Application starting...","timestamp":"2023-08-24T13:50:54.722Z"}
{"level":"info","message":"Application starting...","timestamp":"2023-08-24T13:50:59.347Z"}
{"level":"info","message":"Application starting...","timestamp":"2023-08-24T13:51:00.383Z"}
{"level":"info","message":"Application starting...","timestamp":"2023-08-24T13:51:02.204Z"}
{"level":"info","message":"Application starting...","timestamp":"2023-08-24T13:51:04.873Z"}
{"level":"info","message":"Application starting...","timestamp":"2023-08-24T13:51:07.170Z"}
{"level":"info","message":"Application starting...","timestamp":"2023-08-24T13:51:12.685Z"}
{"level":"info","message":"Application starting...","timestamp":"2023-08-24T13:51:16.975Z"}
{"level":"info","message":"Application starting...","timestamp":"2023-08-24T13:51:21.120Z"}
{"level":"info","message":"Application starting...","timestamp":"2023-08-24T13:51:53.316Z"}
{"level":"info","message":"Application starting...","timestamp":"2023-08-24T13:51:54.835Z"}
{"level":"info","message":"Application starting...","timestamp":"2023-08-24T13:51:55.609Z"}
{"level":"info","message":"Application starting...","timestamp":"2023-08-24T13:51:59.460Z"}
{"level":"info","message":"Application starting...","timestamp":"2023-08-24T13:52:07.280Z"}
{"level":"info","message":"Application starting...","timestamp":"2023-08-24T13:52:11.585Z"}
{"level":"info","message":"Application starting...","timestamp":"2023-08-24T13:52:34.120Z"}
{"level":"info","message":"Application starting...","timestamp":"2023-08-24T13:52:35.934Z"}
{"level":"info","message":"Application starting...","timestamp":"2023-08-24T13:52:42.212Z"}
{"level":"info","message":"Application starting...","timestamp":"2023-08-24T13:52:56.199Z"}
{"level":"info","message":"Application starting...","timestamp":"2023-08-24T13:52:57.717Z"}
{"level":"info","message":"Application starting...","timestamp":"2023-08-24T13:52:58.661Z"}
{"level":"info","message":"Application starting...","timestamp":"2023-08-24T13:53:03.502Z"}
{"level":"info","message":"Application starting...","timestamp":"2023-08-24T13:53:04.363Z"}
{"level":"info","message":"Application starting...","timestamp":"2023-08-24T13:53:10.735Z"}
{"level":"info","message":"Application starting...","timestamp":"2023-08-24T13:53:12.585Z"}
{"level":"info","message":"Application starting...","timestamp":"2023-08-24T13:53:13.972Z"}
{"level":"info","message":"Application starting...","timestamp":"2023-08-24T13:53:18.476Z"}
{"level":"info","message":"Application starting...","timestamp":"2023-08-24T13:53:21.260Z"}
{"level":"info","message":"Application starting...","timestamp":"2023-08-24T13:53:22.624Z"}
{"level":"info","message":"Application starting...","timestamp":"2023-08-24T13:53:28.929Z"}
{"level":"info","message":"Application starting...","timestamp":"2023-08-24T13:53:30.407Z"}
{"level":"info","message":"Application starting...","timestamp":"2023-08-24T13:53:58.312Z"}
{"level":"info","message":"Application starting...","timestamp":"2023-08-24T13:53:59.357Z"}
{"level":"info","message":"Application starting...","timestamp":"2023-08-24T13:54:14.274Z"}
{"level":"info","message":"Application starting...","timestamp":"2023-08-24T13:54:15.324Z"}
{"level":"info","message":"Application starting...","timestamp":"2023-08-24T13:54:18.597Z"}
{"level":"info","message":"Application starting...","timestamp":"2023-08-24T13:54:34.649Z"}
{"level":"info","message":"Application starting...","timestamp":"2023-08-24T13:54:59.845Z"}
{"level":"info","message":"Application starting...","timestamp":"2023-08-24T13:55:06.495Z"}
{"level":"info","message":"Application starting...","timestamp":"2023-08-24T13:55:07.601Z"}
{"level":"info","message":"Application starting...","timestamp":"2023-08-24T13:55:10.244Z"}
{"level":"info","message":"Application starting...","timestamp":"2023-08-24T13:56:07.142Z"}
{"level":"info","message":"Application starting...","timestamp":"2023-08-24T13:56:08.746Z"}
{"level":"info","message":"Application starting...","timestamp":"2023-08-24T13:56:15.622Z"}
{"level":"info","message":"Application starting...","timestamp":"2023-08-24T13:56:17.360Z"}
{"level":"info","message":"Application starting...","timestamp":"2023-08-24T13:56:20.950Z"}
{"level":"info","message":"Application starting...","timestamp":"2023-08-24T13:56:22.755Z"}
{"level":"info","message":"Application starting...","timestamp":"2023-08-24T13:56:30.065Z"}
{"level":"info","message":"Application starting...","timestamp":"2023-08-24T13:57:35.028Z"}
{"level":"info","message":"Application starting...","timestamp":"2023-08-24T13:57:38.624Z"}
{"level":"info","message":"Application starting...","timestamp":"2023-08-24T13:57:40.173Z"}
{"level":"info","message":"Application starting...","timestamp":"2023-08-24T13:57:43.344Z"}
{"level":"info","message":"Application starting...","timestamp":"2023-08-24T13:57:44.833Z"}
{"level":"info","message":"Application starting...","timestamp":"2023-08-24T13:58:13.084Z"}
{"level":"info","message":"Application starting...","timestamp":"2023-08-24T13:58:14.310Z"}
{"level":"info","message":"Application starting...","timestamp":"2023-08-24T13:58:16.360Z"}
{"level":"info","message":"Application starting...","timestamp":"2023-08-24T13:58:24.271Z"}
{"level":"info","message":"Application starting...","timestamp":"2023-08-24T13:58:30.062Z"}
{"level":"info","message":"Application starting...","timestamp":"2023-08-24T13:58:33.892Z"}
{"level":"info","message":"Application starting...","timestamp":"2023-08-24T13:58:35.421Z"}
{"level":"info","message":"Application starting...","timestamp":"2023-08-24T13:58:36.794Z"}
{"level":"info","message":"Application starting...","timestamp":"2023-08-24T13:58:41.959Z"}
{"level":"info","message":"Application starting...","timestamp":"2023-08-24T13:58:42.735Z"}
{"level":"info","message":"Application starting...","timestamp":"2023-08-24T13:58:51.565Z"}
{"level":"info","message":"Application starting...","timestamp":"2023-08-24T13:58:55.252Z"}
{"level":"info","message":"Application starting...","timestamp":"2023-08-24T13:58:59.234Z"}
{"level":"info","message":"Application starting...","timestamp":"2023-08-24T14:00:40.266Z"}
{"level":"info","message":"Application starting...","timestamp":"2023-08-24T14:00:44.056Z"}
{"level":"info","message":"Application starting...","timestamp":"2023-08-24T14:01:47.073Z"}
{"level":"info","message":"Application starting...","timestamp":"2023-08-24T14:02:03.822Z"}
{"level":"info","message":"Application starting...","timestamp":"2023-08-24T14:02:05.641Z"}
{"level":"info","message":"Application starting...","timestamp":"2023-08-24T14:02:07.720Z"}
{"level":"info","message":"Application starting...","timestamp":"2023-08-24T14:02:09.918Z"}
{"level":"info","message":"Application starting...","timestamp":"2023-08-24T14:02:16.679Z"}
{"level":"info","message":"Application starting...","timestamp":"2023-08-24T14:02:35.591Z"}
{"level":"info","message":"Application starting...","timestamp":"2023-08-24T14:02:47.554Z"}
{"level":"info","message":"Application starting...","timestamp":"2023-08-24T14:02:54.477Z"}
{"level":"info","message":"Application starting...","timestamp":"2023-08-24T14:03:04.869Z"}
{"level":"info","message":"Application starting...","timestamp":"2023-08-24T14:03:17.847Z"}
{"level":"info","message":"Application starting...","timestamp":"2023-08-24T14:03:22.535Z"}
{"level":"info","message":"Application starting...","timestamp":"2023-08-24T14:04:05.041Z"}
{"level":"info","message":"Application starting...","timestamp":"2023-08-24T14:04:53.957Z"}
{"level":"info","message":"Application starting...","timestamp":"2023-08-24T14:05:02.913Z"}
{"level":"info","message":"Application starting...","timestamp":"2023-08-24T14:05:14.368Z"}
{"level":"info","message":"Application starting...","timestamp":"2023-08-24T14:05:17.226Z"}
{"level":"info","message":"Application starting...","timestamp":"2023-08-24T14:05:21.080Z"}
{"level":"info","message":"Application starting...","timestamp":"2023-08-24T14:05:22.540Z"}
{"level":"info","message":"Application starting...","timestamp":"2023-08-24T14:05:25.306Z"}
{"level":"info","message":"Application starting...","timestamp":"2023-08-24T14:05:27.180Z"}
{"level":"info","message":"Application starting...","timestamp":"2023-08-24T14:05:28.845Z"}
{"level":"info","message":"Application starting...","timestamp":"2023-08-24T14:05:30.974Z"}
{"level":"info","message":"Application starting...","timestamp":"2023-08-24T14:05:34.723Z"}
{"level":"info","message":"Application starting...","timestamp":"2023-08-24T14:05:43.021Z"}
{"level":"info","message":"Application starting...","timestamp":"2023-08-24T14:05:45.165Z"}
{"level":"info","message":"Application starting...","timestamp":"2023-08-24T14:05:48.463Z"}
{"level":"info","message":"Application starting...","timestamp":"2023-08-24T14:05:51.184Z"}
{"level":"info","message":"Application starting...","timestamp":"2023-08-24T14:05:55.834Z"}
{"level":"info","message":"Application starting...","timestamp":"2023-08-24T14:06:01.012Z"}
{"level":"info","message":"Application starting...","timestamp":"2023-08-24T14:06:05.351Z"}
{"level":"info","message":"Application starting...","timestamp":"2023-08-24T14:06:11.352Z"}
{"level":"info","message":"Application starting...","timestamp":"2023-08-24T14:06:36.408Z"}
{"level":"info","message":"Application starting...","timestamp":"2023-08-24T14:06:40.260Z"}
{"level":"info","message":"Application starting...","timestamp":"2023-08-24T14:06:45.837Z"}
{"level":"info","message":"Application starting...","timestamp":"2023-08-24T14:06:55.073Z"}
{"level":"info","message":"Application starting...","timestamp":"2023-08-24T14:07:04.150Z"}
{"level":"info","message":"Application starting...","timestamp":"2023-08-24T14:07:09.132Z"}
{"level":"info","message":"Application starting...","timestamp":"2023-08-24T14:07:50.855Z"}
{"level":"info","message":"Application starting...","timestamp":"2023-08-24T14:07:57.607Z"}
{"level":"info","message":"Application starting...","timestamp":"2023-08-24T14:08:06.268Z"}
{"level":"info","message":"Application starting...","timestamp":"2023-08-24T14:08:11.162Z"}
{"level":"info","message":"Application starting...","timestamp":"2023-08-24T14:08:13.707Z"}
{"level":"info","message":"Application starting...","timestamp":"2023-08-24T14:09:19.396Z"}
{"level":"info","message":"Application starting...","timestamp":"2023-08-24T14:09:28.552Z"}
{"level":"info","message":"Application starting...","timestamp":"2023-08-24T14:09:34.110Z"}
{"level":"info","message":"Application starting...","timestamp":"2023-08-24T14:09:36.683Z"}
{"level":"info","message":"Application starting...","timestamp":"2023-08-24T14:09:40.282Z"}
{"level":"info","message":"Application starting...","timestamp":"2023-08-24T14:10:43.209Z"}
{"level":"info","message":"Application starting...","timestamp":"2023-08-24T14:10:48.951Z"}
{"level":"info","message":"Application starting...","timestamp":"2023-08-24T14:10:51.112Z"}
{"level":"info","message":"Application starting...","timestamp":"2023-08-24T14:10:55.650Z"}
{"level":"info","message":"Application starting...","timestamp":"2023-08-24T14:11:30.745Z"}
{"level":"info","message":"Application starting...","timestamp":"2023-08-24T14:11:47.815Z"}
{"level":"info","message":"Application starting...","timestamp":"2023-08-24T14:11:57.476Z"}
{"level":"info","message":"Application starting...","timestamp":"2023-08-24T14:12:15.433Z"}
{"level":"info","message":"Application starting...","timestamp":"2023-08-24T14:12:27.592Z"}
{"level":"info","message":"Application starting...","timestamp":"2023-08-25T05:47:09.864Z"}
{"level":"info","message":"Application starting...","timestamp":"2023-08-25T05:47:53.650Z"}
{"level":"info","message":"Application starting...","timestamp":"2023-08-25T05:48:32.580Z"}
{"level":"info","message":"Application starting...","timestamp":"2023-08-25T05:50:13.944Z"}
{"level":"info","message":"Application starting...","timestamp":"2023-08-25T05:51:08.808Z"}
{"level":"error","timestamp":"2023-08-25T05:53:46.365Z"}
{"level":"info","message":"Application starting...","timestamp":"2023-08-25T05:54:39.193Z"}
{"level":"error","timestamp":"2023-08-25T05:55:06.389Z"}
{"level":"info","message":"Application starting...","timestamp":"2023-08-25T05:55:32.130Z"}
{"level":"info","message":"Application starting...","timestamp":"2023-08-25T05:55:36.404Z"}
{"code":11000,"index":0,"keyPattern":{"Email":1},"keyValue":{"Email":"muhammedirfad43@gmail.com"},"level":"error","timestamp":"2023-08-25T05:59:24.393Z"}
{"code":11000,"index":0,"keyPattern":{"Email":1},"keyValue":{"Email":"muhammedirfad43@gmail.com"},"level":"error","timestamp":"2023-08-25T05:59:28.705Z"}
{"code":11000,"index":0,"keyPattern":{"Email":1},"keyValue":{"Email":"muhammedirfad43@gmail.com"},"level":"error","timestamp":"2023-08-25T05:59:29.913Z"}
{"level":"info","message":"Application starting...","timestamp":"2023-08-25T06:00:05.247Z"}
{"code":11000,"index":0,"keyPattern":{"Email":1},"keyValue":{"Email":"muhammedirfad43@gmail.com"},"level":"error","timestamp":"2023-08-25T06:00:11.553Z"}
{"level":"info","message":"Application starting...","timestamp":"2023-08-25T06:00:51.806Z"}
{"level":"error","message":"Email already exists","statusCode":400,"timestamp":"2023-08-25T06:01:00.546Z"}
{"level":"error","message":"Email already exists","statusCode":400,"timestamp":"2023-08-25T06:01:33.254Z"}
{"level":"error","message":"Email already exists","statusCode":400,"timestamp":"2023-08-25T06:02:19.403Z"}
{"level":"error","message":"Email already exists","statusCode":400,"timestamp":"2023-08-25T06:04:09.277Z"}
{"level":"error","message":"Email already exists","statusCode":400,"timestamp":"2023-08-25T06:05:35.690Z"}
{"level":"error","message":"Email already exists","statusCode":400,"timestamp":"2023-08-25T06:10:43.322Z"}
{"level":"info","message":"Application starting...","timestamp":"2023-08-25T06:14:56.095Z"}
{"level":"info","message":"Application starting...","timestamp":"2023-08-25T06:14:59.689Z"}
{"level":"info","message":"Application starting...","timestamp":"2023-08-25T06:15:04.153Z"}
{"level":"info","message":"Application starting...","timestamp":"2023-08-25T06:16:01.266Z"}
{"level":"info","message":"Application starting...","timestamp":"2023-08-25T06:16:59.032Z"}
{"level":"error","timestamp":"2023-08-25T06:17:07.141Z"}
{"level":"info","message":"Application starting...","timestamp":"2023-08-25T06:17:22.880Z"}
{"level":"info","message":"Application starting...","timestamp":"2023-08-25T06:17:38.632Z"}
{"level":"info","message":"Application starting...","timestamp":"2023-08-25T06:18:06.829Z"}
{"level":"info","message":"Application starting...","timestamp":"2023-08-25T06:18:13.053Z"}
{"level":"error","timestamp":"2023-08-25T06:18:28.211Z"}
{"level":"info","message":"Application starting...","timestamp":"2023-08-25T06:19:05.309Z"}
{"level":"info","message":"Application starting...","timestamp":"2023-08-25T06:19:28.394Z"}
{"level":"info","message":"Application starting...","timestamp":"2023-08-25T06:19:33.066Z"}
{"level":"info","message":"Application starting...","timestamp":"2023-08-25T06:19:37.405Z"}
{"level":"error","timestamp":"2023-08-25T06:19:46.883Z"}
{"level":"info","message":"Application starting...","timestamp":"2023-08-25T06:20:33.575Z"}
{"level":"info","message":"Application starting...","timestamp":"2023-08-25T06:20:46.161Z"}
{"level":"info","message":"Application starting...","timestamp":"2023-08-25T06:20:54.264Z"}
{"level":"info","message":"Application starting...","timestamp":"2023-08-25T06:21:18.568Z"}
{"level":"info","message":"Application starting...","timestamp":"2023-08-25T06:21:30.778Z"}
{"level":"error","message":"Incorrect password","statusCode":400,"timestamp":"2023-08-25T06:22:36.083Z"}
{"level":"error","message":"No user with this email found","statusCode":405,"timestamp":"2023-08-25T06:22:58.429Z"}
{"level":"error","message":"Email already exists","statusCode":400,"timestamp":"2023-08-25T06:23:26.404Z"}
{"level":"error","message":"Email already exists","statusCode":400,"timestamp":"2023-08-25T06:24:28.926Z"}
{"level":"error","message":"Email already exists","statusCode":400,"timestamp":"2023-08-25T06:25:23.114Z"}
{"level":"error","message":"Email already exists","statusCode":400,"timestamp":"2023-08-25T06:25:30.895Z"}
{"level":"error","message":"Email already exists","statusCode":400,"timestamp":"2023-08-25T06:25:39.689Z"}
{"level":"error","message":"Email already exists","statusCode":400,"timestamp":"2023-08-25T06:25:40.496Z"}
{"level":"info","message":"Application starting...","timestamp":"2023-08-25T06:48:07.859Z"}
{"level":"info","message":"Application starting...","timestamp":"2023-08-25T06:48:16.921Z"}
{"level":"info","message":"Application starting...","timestamp":"2023-08-25T06:48:57.397Z"}
{"level":"info","message":"Application starting...","timestamp":"2023-08-25T06:49:05.775Z"}
{"level":"info","message":"Application starting...","timestamp":"2023-08-25T06:50:00.153Z"}
{"level":"info","message":"Application starting...","timestamp":"2023-08-25T06:50:15.732Z"}
{"level":"info","message":"Application starting...","timestamp":"2023-08-25T06:50:41.217Z"}
{"level":"info","message":"Application starting...","timestamp":"2023-08-25T06:51:00.250Z"}
{"level":"error","message":"Must supply api_key","timestamp":"2023-08-25T06:51:16.904Z"}
{"level":"info","message":"Application starting...","timestamp":"2023-08-25T06:51:51.840Z"}
{"level":"error","message":"Must supply api_key","timestamp":"2023-08-25T06:51:57.505Z"}
{"level":"info","message":"Application starting...","timestamp":"2023-08-25T06:52:40.267Z"}
{"level":"info","message":"Application starting...","timestamp":"2023-08-25T06:53:16.111Z"}
{"level":"info","message":"Application starting...","timestamp":"2023-08-25T06:53:29.747Z"}
{"level":"error","message":"Must supply api_key","timestamp":"2023-08-25T06:53:30.132Z"}
{"level":"info","message":"Application starting...","timestamp":"2023-08-25T06:54:10.589Z"}
{"level":"error","message":"Must supply api_key","timestamp":"2023-08-25T06:54:15.613Z"}
{"level":"info","message":"Application starting...","timestamp":"2023-08-25T06:54:29.772Z"}
{"level":"error","message":"Must supply api_key","timestamp":"2023-08-25T06:54:34.296Z"}
{"level":"info","message":"Application starting...","timestamp":"2023-08-25T06:56:06.369Z"}
{"_message":"Book validation failed","errors":{"UserId":{"kind":"required","message":"Path `UserId` is required.","name":"ValidatorError","path":"UserId","properties":{"message":"Path `UserId` is required.","path":"UserId","type":"required"}}},"level":"error","message":"Book validation failed: UserId: Path `UserId` is required.","name":"ValidationError","timestamp":"2023-08-25T06:56:17.301Z"}
{"level":"info","message":"Application starting...","timestamp":"2023-08-25T06:57:50.972Z"}
{"_message":"Book validation failed","errors":{"UserId":{"kind":"required","message":"Path `UserId` is required.","name":"ValidatorError","path":"UserId","properties":{"message":"Path `UserId` is required.","path":"UserId","type":"required"}}},"level":"error","message":"Book validation failed: UserId: Path `UserId` is required.","name":"ValidationError","timestamp":"2023-08-25T06:57:58.991Z"}
{"level":"info","message":"Application starting...","timestamp":"2023-08-25T06:58:32.893Z"}
{"level":"info","message":"Application starting...","timestamp":"2023-08-25T06:58:44.000Z"}
{"_message":"Book validation failed","errors":{"UserId":{"kind":"required","message":"Path `UserId` is required.","name":"ValidatorError","path":"UserId","properties":{"message":"Path `UserId` is required.","path":"UserId","type":"required"}}},"level":"error","message":"Book validation failed: UserId: Path `UserId` is required.","name":"ValidationError","timestamp":"2023-08-25T06:58:46.277Z"}
{"level":"info","message":"Application starting...","timestamp":"2023-08-25T06:59:21.943Z"}
{"level":"info","message":"Application starting...","timestamp":"2023-08-25T08:06:11.303Z"}
{"level":"info","message":"Application starting...","timestamp":"2023-08-25T08:08:27.775Z"}
{"level":"info","message":"Application starting...","timestamp":"2023-08-25T08:19:52.705Z"}
{"level":"info","message":"Application starting...","timestamp":"2023-08-25T08:20:03.160Z"}
{"level":"info","message":"Application starting...","timestamp":"2023-08-25T09:31:58.660Z"}
{"level":"info","message":"Application starting...","timestamp":"2023-08-25T09:32:14.841Z"}
{"level":"info","message":"Application starting...","timestamp":"2023-08-25T09:33:05.425Z"}
{"level":"info","message":"Application starting...","timestamp":"2023-08-25T09:33:35.921Z"}
{"level":"info","message":"Application starting...","timestamp":"2023-08-25T09:33:41.545Z"}
{"level":"info","message":"Application starting...","timestamp":"2023-08-25T09:33:46.106Z"}
{"level":"info","message":"Application starting...","timestamp":"2023-08-25T09:33:52.885Z"}
{"level":"info","message":"Application starting...","timestamp":"2023-08-25T09:34:06.565Z"}
{"level":"info","message":"Application starting...","timestamp":"2023-08-25T09:39:41.427Z"}
{"level":"info","message":"Application starting...","timestamp":"2023-08-25T09:40:34.487Z"}
{"level":"info","message":"Application starting...","timestamp":"2023-08-25T09:40:46.100Z"}
{"level":"info","message":"Application starting...","timestamp":"2023-08-25T09:41:00.644Z"}
{"level":"info","message":"Application starting...","timestamp":"2023-08-25T09:42:00.465Z"}
{"level":"info","message":"Application starting...","timestamp":"2023-08-25T10:09:32.863Z"}
{"level":"info","message":"Application starting...","timestamp":"2023-08-25T10:10:08.323Z"}
{"level":"error","timestamp":"2023-08-25T10:10:18.494Z"}
{"level":"error","timestamp":"2023-08-25T10:10:18.813Z"}
{"level":"error","timestamp":"2023-08-25T10:10:19.139Z"}
{"level":"info","message":"Application starting...","timestamp":"2023-08-25T10:10:36.887Z"}
{"level":"info","message":"Application starting...","timestamp":"2023-08-25T10:10:43.003Z"}
{"level":"error","timestamp":"2023-08-25T10:10:53.217Z"}
{"level":"error","timestamp":"2023-08-25T10:10:53.511Z"}
{"level":"error","timestamp":"2023-08-25T10:10:53.794Z"}
{"level":"info","message":"Application starting...","timestamp":"2023-08-25T10:11:17.256Z"}
{"level":"info","message":"Application starting...","timestamp":"2023-08-25T10:11:20.702Z"}
{"level":"info","message":"Application starting...","timestamp":"2023-08-25T10:11:46.064Z"}
{"level":"info","message":"Application starting...","timestamp":"2023-08-25T10:12:20.398Z"}
{"level":"info","message":"Application starting...","timestamp":"2023-08-25T12:16:11.708Z"}
{"level":"info","message":"Application starting...","timestamp":"2023-08-25T12:16:42.812Z"}
{"level":"info","message":"Application starting...","timestamp":"2023-08-25T12:17:01.387Z"}
{"level":"info","message":"Application starting...","timestamp":"2023-08-25T12:17:23.180Z"}
{"level":"info","message":"Application starting...","timestamp":"2023-08-25T12:18:45.772Z"}
{"level":"info","message":"Application starting...","timestamp":"2023-08-25T12:18:52.246Z"}
{"level":"info","message":"Application starting...","timestamp":"2023-08-25T12:19:09.338Z"}
{"level":"info","message":"Application starting...","timestamp":"2023-08-25T12:19:21.329Z"}
{"level":"info","message":"Application starting...","timestamp":"2023-08-25T12:19:32.827Z"}
{"level":"info","message":"Application starting...","timestamp":"2023-08-25T12:19:51.060Z"}
{"level":"info","message":"Application starting...","timestamp":"2023-08-25T12:19:55.585Z"}
{"level":"info","message":"Application starting...","timestamp":"2023-08-25T12:20:07.152Z"}
{"level":"info","message":"Application starting...","timestamp":"2023-08-25T12:21:19.602Z"}
{"level":"info","message":"Application starting...","timestamp":"2023-08-25T12:21:28.189Z"}
{"level":"info","message":"Application starting...","timestamp":"2023-08-25T12:21:32.887Z"}
{"level":"info","message":"Application starting...","timestamp":"2023-08-25T12:21:56.814Z"}
{"level":"info","message":"Application starting...","timestamp":"2023-08-25T12:22:33.169Z"}
{"level":"info","message":"Application starting...","timestamp":"2023-08-25T12:22:44.423Z"}
{"level":"info","message":"Application starting...","timestamp":"2023-08-25T12:22:48.869Z"}
{"level":"info","message":"Application starting...","timestamp":"2023-08-25T12:22:54.652Z"}
{"level":"info","message":"Application starting...","timestamp":"2023-08-25T12:22:58.619Z"}
{"level":"info","message":"Application starting...","timestamp":"2023-08-25T12:23:18.047Z"}
{"level":"info","message":"Application starting...","timestamp":"2023-08-25T13:46:41.769Z"}
{"level":"info","message":"Application starting...","timestamp":"2023-08-25T13:46:53.687Z"}
{"level":"info","message":"Application starting...","timestamp":"2023-08-25T13:54:32.547Z"}
{"level":"info","message":"Application starting...","timestamp":"2023-08-25T16:06:01.897Z"}
{"level":"info","message":"Application starting...","timestamp":"2023-08-25T16:07:24.731Z"}
{"level":"info","message":"Application starting...","timestamp":"2023-08-25T16:08:50.957Z"}
{"level":"info","message":"Application starting...","timestamp":"2023-08-25T16:08:59.064Z"}
{"level":"info","message":"Application starting...","timestamp":"2023-08-25T16:09:19.609Z"}
{"level":"info","message":"Application starting...","timestamp":"2023-08-25T16:12:17.856Z"}
{"level":"info","message":"Application starting...","timestamp":"2023-08-25T16:12:38.935Z"}
{"level":"info","message":"Application starting...","timestamp":"2023-08-25T16:13:19.698Z"}
{"level":"info","message":"Application starting...","timestamp":"2023-08-26T00:25:31.638Z"}
{"level":"info","message":"Application starting...","timestamp":"2023-08-26T00:27:54.485Z"}
{"level":"info","message":"Application starting...","timestamp":"2023-08-26T00:30:48.960Z"}
{"level":"info","message":"Application starting...","timestamp":"2023-08-26T00:31:19.938Z"}
{"level":"info","message":"Application starting...","timestamp":"2023-08-26T00:32:00.683Z"}
{"level":"info","message":"Application starting...","timestamp":"2023-08-26T00:32:07.261Z"}
{"level":"info","message":"Application starting...","timestamp":"2023-08-26T00:32:43.195Z"}
{"level":"info","message":"Application starting...","timestamp":"2023-08-26T00:32:58.678Z"}
{"level":"info","message":"Application starting...","timestamp":"2023-08-26T00:34:16.543Z"}
{"level":"info","message":"Application starting...","timestamp":"2023-08-26T00:35:11.917Z"}
{"level":"info","message":"Application starting...","timestamp":"2023-08-26T00:47:19.420Z"}
{"level":"info","message":"Application starting...","timestamp":"2023-08-26T00:47:22.215Z"}
{"level":"info","message":"Application starting...","timestamp":"2023-08-26T00:47:27.353Z"}
{"level":"info","message":"Application starting...","timestamp":"2023-08-26T00:48:28.407Z"}
{"level":"error","path":"Book","timestamp":"2023-08-26T00:48:50.724Z"}
{"level":"error","path":"Book","timestamp":"2023-08-26T00:48:51.059Z"}
{"level":"error","path":"Book","timestamp":"2023-08-26T00:49:31.972Z"}
{"level":"error","path":"Book","timestamp":"2023-08-26T00:49:39.073Z"}
{"level":"error","path":"Book","timestamp":"2023-08-26T00:49:41.971Z"}
{"level":"error","path":"Book","timestamp":"2023-08-26T00:50:31.196Z"}
{"level":"error","path":"Book","timestamp":"2023-08-26T00:50:31.529Z"}
{"level":"info","message":"Application starting...","timestamp":"2023-08-26T00:51:17.246Z"}
{"level":"info","message":"Application starting...","timestamp":"2023-08-26T00:51:23.319Z"}
{"level":"info","message":"Application starting...","timestamp":"2023-08-26T00:52:58.639Z"}
{"level":"info","message":"Application starting...","timestamp":"2023-08-26T00:56:39.067Z"}
{"level":"error","path":"BookId","timestamp":"2023-08-26T00:56:46.840Z"}
{"level":"error","path":"BookId","timestamp":"2023-08-26T00:56:47.178Z"}
{"level":"info","message":"Application starting...","timestamp":"2023-08-26T00:57:03.407Z"}
{"level":"info","message":"Application starting...","timestamp":"2023-08-26T00:59:54.223Z"}
{"level":"info","message":"Application starting...","timestamp":"2023-08-26T01:02:54.800Z"}
{"level":"info","message":"Application starting...","timestamp":"2023-08-26T01:09:00.769Z"}
{"level":"info","message":"Application starting...","timestamp":"2023-08-26T01:09:21.728Z"}
{"level":"info","message":"Application starting...","timestamp":"2023-08-26T01:09:28.042Z"}
{"level":"info","message":"Application starting...","timestamp":"2023-08-26T01:09:37.710Z"}
{"level":"info","message":"Application starting...","timestamp":"2023-08-26T01:10:03.127Z"}
{"level":"info","message":"Application starting...","timestamp":"2023-08-26T01:12:39.501Z"}
{"level":"info","message":"Application starting...","timestamp":"2023-08-26T01:24:54.203Z"}
{"level":"info","message":"Application starting...","timestamp":"2023-08-26T01:25:08.766Z"}
{"level":"info","message":"Application starting...","timestamp":"2023-08-26T01:25:18.964Z"}
{"level":"info","message":"Application starting...","timestamp":"2023-08-26T01:26:28.631Z"}
{"level":"info","message":"Application starting...","timestamp":"2023-08-26T01:26:55.780Z"}
{"level":"info","message":"Application starting...","timestamp":"2023-08-26T01:27:36.363Z"}
{"level":"info","message":"Application starting...","timestamp":"2023-08-26T01:27:42.103Z"}
{"level":"info","message":"Application starting...","timestamp":"2023-08-26T01:29:46.103Z"}
{"level":"info","message":"Application starting...","timestamp":"2023-08-26T01:29:48.337Z"}
{"level":"info","message":"Application starting...","timestamp":"2023-08-26T01:31:19.188Z"}
{"level":"info","message":"Application starting...","timestamp":"2023-08-26T01:39:19.548Z"}
